build/app/outputs/mapping/release/seeds.txt
com.dexbytes.base_flutter_app.MainActivity
com.dexbytes.base_flutter_app.MainActivity: MainActivity()
...
com.dexterous.flutterlocalnotifications.FlutterLocalNotificationsPlugin: java.lang.String CREATE_NOTIFICATION_CHANNEL_METHOD
com.dexterous.flutterlocalnotifications.FlutterLocalNotificationsPlugin: void setStyle(android.content.Context,com.dexterous.flutterlocalnotifications.models.NotificationDetails,androidx.core.app.NotificationCompat$Builder)
io.flutter.embedding.engine.FlutterJNI: boolean prefetchDefaultFontManagerCalled
android.support.v4.media.AudioAttributesImplApi26Parcelizer
com.google.android.datatransport.Priority: com.google.android.datatransport.Priority[] values()
me.leolin.shortcutbadger.impl.AdwHomeBadger
com.dexterous.flutterlocalnotifications.FlutterLocalNotificationsPlugin: void setSound(android.content.Context,com.dexterous.flutterlocalnotifications.models.NotificationDetails,androidx.core.app.NotificationCompat$Builder)
io.flutter.embedding.engine.FlutterJNI: void onPreEngineRestart()
com.google.android.gms.internal.measurement.zzfc: com.google.android.gms.internal.measurement.zzke zzn
me.leolin.shortcutbadger.impl.XiaomiHomeBadger
androidx.lifecycle.Lifecycle$Event: androidx.lifecycle.Lifecycle$Event ON_START
com.google.firebase.messaging.RemoteMessage: android.os.Parcelable$Creator CREATOR
com.google.firebase.analytics.FirebaseAnalytics: void setCurrentScreen(android.app.Activity,java.lang.String,java.lang.String)
io.flutter.embedding.engine.FlutterJNI: android.os.Looper mainLooper
com.dexterous.flutterlocalnotifications.models.NotificationDetails: java.lang.String PLATFORM_SPECIFICS
io.flutter.view.AccessibilityViewEmbedder: boolean requestSendAccessibilityEvent(android.view.View,android.view.View,android.view.accessibility.AccessibilityEvent)
com.google.android.gms.internal.measurement.zzfy: java.lang.String zzz
com.dexterous.flutterlocalnotifications.models.NotificationDetails: void readGroupingInformation(com.dexterous.flutterlocalnotifications.models.NotificationDetails,java.util.Map)
com.dexterous.flutterlocalnotifications.models.BitmapSource: BitmapSource(java.lang.String,int)
com.dexterous.flutterlocalnotifications.models.NotificationDetails: java.lang.String ONGOING
io.flutter.embedding.engine.FlutterOverlaySurface: int id
com.google.android.gms.internal.measurement.zzeh: com.google.android.gms.internal.measurement.zzke zzg
com.dexterous.flutterlocalnotifications.models.styles.InboxStyleInformation: java.lang.Boolean htmlFormatSummaryText
com.google.android.gms.dynamite.DynamiteModule$DynamiteLoaderClassLoader
com.google.gson.LongSerializationPolicy: com.google.gson.LongSerializationPolicy[] values()
com.google.android.gms.internal.measurement.zzfy: java.lang.String zzq
com.google.android.gms.measurement.internal.AppMeasurementDynamiteService: void logHealthData(int,java.lang.String,com.google.android.gms.dynamic.IObjectWrapper,com.google.android.gms.dynamic.IObjectWrapper,com.google.android.gms.dynamic.IObjectWrapper)
io.flutter.view.AccessibilityViewEmbedder: android.view.accessibility.AccessibilityNodeInfo getRootNode(android.view.View,int,android.graphics.Rect)
com.google.android.gms.internal.measurement.zzfy: long zzn
com.google.android.exoplayer2.video.spherical.SphericalGLSurfaceView: android.view.Surface getVideoSurface()
android.support.v4.app.RemoteActionCompatParcelizer: androidx.core.app.RemoteActionCompat read(androidx.versionedparcelable.VersionedParcel)
io.flutter.plugins.GeneratedPluginRegistrant
com.google.android.gms.internal.measurement.zzgf
io.flutter.plugin.editing.ImeSyncDeferringInsetsCallback: void install()
org.threeten.bp.chrono.ThaiBuddhistChronology: java.lang.Object readResolve()
com.google.android.gms.measurement.internal.zzp: android.os.Parcelable$Creator CREATOR
io.flutter.plugins.firebase.messaging.FlutterFirebaseMessagingInitProvider: FlutterFirebaseMessagingInitProvider()
com.dexterous.flutterlocalnotifications.models.NotificationChannelDetails
com.dexterous.flutterlocalnotifications.models.styles.DefaultStyleInformation