build/app/outputs/mapping/release/mapping.txt
# compiler: R8
# compiler_version: 2.1.62
# min_api: 20
# pg_map_id: 1fcb98a
# common_typos_disable
...
com.google.android.exoplayer2.text.webvtt.WebvttDecoder -> c.b.a.b.v2.u.i:
    com.google.android.exoplayer2.util.ParsableByteArray parsableWebvttData -> n
    com.google.android.exoplayer2.text.webvtt.CssParser cssParser -> o
    int getNextEvent(com.google.android.exoplayer2.util.ParsableByteArray) -> C
    void skipComment(com.google.android.exoplayer2.util.ParsableByteArray) -> D
    com.google.android.exoplayer2.text.Subtitle decode(byte[],int,boolean) -> z
com.google.android.exoplayer2.text.webvtt.WebvttParserUtil -> c.b.a.b.v2.u.j:
    java.util.regex.Pattern COMMENT -> a
    java.util.regex.Matcher findNextCueHeader(com.google.android.exoplayer2.util.ParsableByteArray) -> a
    boolean isWebvttHeaderLine(com.google.android.exoplayer2.util.ParsableByteArray) -> b
    float parsePercentage(java.lang.String) -> c
    long parseTimestampUs(java.lang.String) -> d
    void validateWebvttHeaderLine(com.google.android.exoplayer2.util.ParsableByteArray) -> e
com.google.android.exoplayer2.text.webvtt.WebvttSubtitle -> c.b.a.b.v2.u.k:
    java.util.List cueInfos -> j
    long[] cueTimesUs -> k
    long[] sortedCueTimesUs -> l
    int lambda$getCues$0(com.google.android.exoplayer2.text.webvtt.WebvttCueInfo,com.google.android.exoplayer2.text.webvtt.WebvttCueInfo) -> a
    int getNextEventTimeIndex(long) -> b
    long getEventTime(int) -> c
    java.util.List getCues(long) -> d
    int getEventTimeCount() -> e
com.google.android.exoplayer2.trackselection.-$$Lambda$BaseTrackSelection$ALcklVtTNeq1fd041-XkLZDVu5M -> c.b.a.b.w2.a:
    com.google.android.exoplayer2.trackselection.-$$Lambda$BaseTrackSelection$ALcklVtTNeq1fd041-XkLZDVu5M INSTANCE -> j
com.google.android.exoplayer2.trackselection.-$$Lambda$DefaultTrackSelector$NHmGa6GSMuUHfNQ5Uz42mHzM_0g -> c.b.a.b.w2.b:
    com.google.android.exoplayer2.trackselection.-$$Lambda$DefaultTrackSelector$NHmGa6GSMuUHfNQ5Uz42mHzM_0g INSTANCE -> j
com.google.android.exoplayer2.trackselection.-$$Lambda$DefaultTrackSelector$memq-_P1PuS7XvrukBISlgzn2v4 -> c.b.a.b.w2.c:
    com.google.android.exoplayer2.trackselection.-$$Lambda$DefaultTrackSelector$memq-_P1PuS7XvrukBISlgzn2v4 INSTANCE -> j
com.google.android.exoplayer2.trackselection.AdaptiveTrackSelection -> c.b.a.b.w2.d:
    long minDurationToRetainAfterDiscardUs -> j
    float bufferedFractionToLiveEdgeForQualityIncrease -> l
    long maxDurationForQualityDecreaseUs -> i
    float bandwidthFraction -> k
    com.google.common.collect.ImmutableList adaptationCheckpoints -> m
    long minDurationForQualityIncreaseUs -> h
    com.google.android.exoplayer2.util.Clock clock -> n
    long lastBufferEvaluationMs -> r
    float playbackSpeed -> o
    com.google.android.exoplayer2.source.chunk.MediaChunk lastBufferEvaluationMediaChunk -> s
    com.google.android.exoplayer2.upstream.BandwidthMeter bandwidthMeter -> g
    int selectedIndex -> p
    int reason -> q
    com.google.common.collect.ImmutableList getAdaptationCheckpoints(com.google.android.exoplayer2.trackselection.ExoTrackSelection$Definition[]) -> A
    long getAllocatedBandwidth(long) -> B
    long getLastChunkDurationUs(java.util.List) -> C
    long getMinDurationToRetainAfterDiscardUs() -> D
    long getNextChunkDurationUs(com.google.android.exoplayer2.source.chunk.MediaChunkIterator[],java.util.List) -> E
    long[][] getSortedTrackBitrates(com.google.android.exoplayer2.trackselection.ExoTrackSelection$Definition[]) -> F
    com.google.common.collect.ImmutableList getSwitchOrder(long[][]) -> G
    long getTotalAllocatableBandwidth(long) -> H
    long minDurationForQualityIncreaseUs(long) -> I
com.google.android.exoplayer2.trackselection.AdaptiveTrackSelection$AdaptationCheckpoint -> c.b.a.b.w2.d$a:
    long allocatedBandwidth -> b
    long totalBandwidth -> a