build/app/outputs/mapping/release/usage.txt
com.dexbytes.base_flutter_app.R
com.dexbytes.base_flutter_app.R$layout
com.dexbytes.base_flutter_app.R$integer
com.dexbytes.base_flutter_app.R$mipmap
com.dexbytes.base_flutter_app.R$id
com.dexbytes.base_flutter_app.R$string
com.dexbytes.base_flutter_app.R$color
com.dexbytes.base_flutter_app.R$styleable
com.dexbytes.base_flutter_app.BuildConfig
com.dexbytes.base_flutter_app.R$attr
com.dexbytes.base_flutter_app.R$dimen
com.dexbytes.base_flutter_app.R$style
com.dexbytes.base_flutter_app.R$drawable
...
com.google.common.math.IntMath$1
com.google.android.exoplayer2.util.ColorParser:
    private void <init>()
    private static final java.lang.String RGB
    private static final java.lang.String RGBA
kotlin.jvm.JvmPackageName
com.google.common.collect.ArrayTable$ArrayMap$2
com.google.android.exoplayer2.mediacodec.AsynchronousMediaCodecAdapter$Factory:
    public void <init>(int)
com.tekartik.sqflite.operation.Operation:
    public abstract java.lang.String getMethod()
    public abstract boolean getContinueOnError()
io.flutter.plugins.deviceinfo.R$style
com.google.android.exoplayer2.extractor.ts.DefaultTsPayloadReaderFactory:
    public void <init>()
    public static final int FLAG_ALLOW_NON_IDR_KEYFRAMES
    public static final int FLAG_IGNORE_AAC_STREAM
    public static final int FLAG_IGNORE_H264_STREAM
    public static final int FLAG_DETECT_ACCESS_UNITS
    public static final int FLAG_IGNORE_SPLICE_INFO_STREAM
    public static final int FLAG_OVERRIDE_CAPTION_DESCRIPTORS
    public static final int FLAG_ENABLE_HDMV_DTS_AUDIO_STREAMS
    private static final int DESCRIPTOR_TAG_CAPTION_SERVICE
org.jetbrains.annotations.PropertyKey
androidx.annotation.FractionRes
com.google.common.reflect.Parameter
com.google.android.datatransport.runtime.dagger.internal.MembersInjectors
com.google.common.graph.AbstractDirectedNetworkConnections$1
io.flutter.embedding.engine.dart.DartExecutor$DartEntrypoint:
    public static io.flutter.embedding.engine.dart.DartExecutor$DartEntrypoint createDefault()
    public void <init>(java.lang.String,java.lang.String,java.lang.String)
androidx.fragment.app.ListFragment$1
kotlin.ArrayIntrinsicsKt
com.google.android.exoplayer2.audio.TeeAudioProcessor$AudioBufferSink
com.google.common.util.concurrent.JdkFutureAdapters
com.google.android.exoplayer2.source.chunk.MediaParserChunkExtractor$TrackOutputProviderAdapter
com.google.common.collect.RegularContiguousSet
com.google.android.gms.common.util.PlatformVersion:
    private void <init>()
    public static boolean isAtLeastHoneycomb()
    public static boolean isAtLeastHoneycombMR1()
    public static boolean isAtLeastIceCreamSandwichMR1()
    public static boolean isAtLeastJellyBean()
    public static boolean isAtLeastJellyBeanMR1()
    public static boolean isAtLeastLollipopMR1()
    public static boolean isAtLeastM()
androidx.core.view.MenuItemCompat$1
com.google.common.collect.ImmutableCollection$ArrayBasedBuilder:
    public varargs com.google.common.collect.ImmutableCollection$Builder add(java.lang.Object[])
    public com.google.common.collect.ImmutableCollection$Builder addAll(java.lang.Iterable)
    public synthetic bridge com.google.common.collect.ImmutableCollection$Builder add(java.lang.Object)
android.support.v4.media.MediaBrowserCompat$MediaBrowserImplBase$4
com.google.android.exoplayer2.extractor.rawcc.package-info